Using pre-set license

 COMMAND LINE ARGUMENTS:
/Applications/Unity/Hub/Editor/2020.3.7f1/Unity.app/Contents/MacOS/Unity
-adb2
-batchMode
-noUpm
-name
AssetImportWorker0
-projectPath
/Users/n-furusawa/Desktop/unityチュートリアル/2d-shooting-game-master
-logFile
Logs/AssetImportWorker0.log
-srvPort
49318
Successfully changed project path to: /Users/n-furusawa/Desktop/unityチュートリアル/2d-shooting-game-master
/Users/n-furusawa/Desktop/unityチュートリアル/2d-shooting-game-master
Using Asset Import Pipeline V2.
Refreshing native plugins compatible for Editor in 22.86 ms, found 1 plugins.
Preloading 0 native plugins for Editor in 0.00 ms.
Initialize engine version: 2020.3.7f1 (dd97f2c94397)
[Subsystems] Discovering subsystems at path /Applications/Unity/Hub/Editor/2020.3.7f1/Unity.app/Contents/Resources/UnitySubsystems
[Subsystems] Discovering subsystems at path /Users/n-furusawa/Desktop/unityチュートリアル/2d-shooting-game-master/Assets
GfxDevice: creating device client; threaded=0
2023-07-11 10:17:52.941 Unity[1758:38709] (null) preferred device: Apple M1 (high power)
2023-07-11 10:17:52.941 Unity[1758:38709] Metal devices available: 1
2023-07-11 10:17:52.941 Unity[1758:38709] 0: Apple M1 (high power)
2023-07-11 10:17:52.941 Unity[1758:38709] Using device Apple M1 (high power)
Initializing Metal device caps: Apple M1
Initialize mono
Mono path[0] = '/Applications/Unity/Hub/Editor/2020.3.7f1/Unity.app/Contents/Managed'
Mono path[1] = '/Applications/Unity/Hub/Editor/2020.3.7f1/Unity.app/Contents/MonoBleedingEdge/lib/mono/unityjit'
Mono config path = '/Applications/Unity/Hub/Editor/2020.3.7f1/Unity.app/Contents/MonoBleedingEdge/etc'
Using monoOptions --debugger-agent=transport=dt_socket,embedding=1,server=y,suspend=n,address=127.0.0.1:56758
Begin MonoManager ReloadAssembly
Registering precompiled unity dll's ...
Register platform support module: /Applications/Unity/Hub/Editor/2020.3.7f1/PlaybackEngines/WebGLSupport/UnityEditor.WebGL.Extensions.dll
Register platform support module: /Applications/Unity/Hub/Editor/2020.3.7f1/Unity.app/Contents/PlaybackEngines/MacStandaloneSupport/UnityEditor.OSXStandalone.Extensions.dll
Registered in 0.002436 seconds.
Native extension for OSXStandalone target not found
Native extension for WebGL target not found
Refreshing native plugins compatible for Editor in 23.88 ms, found 1 plugins.
Preloading 0 native plugins for Editor in 0.00 ms.
Mono: successfully reloaded assembly
- Completed reload, in  2.775 seconds
Platform modules already initialized, skipping
Registering precompiled user dll's ...
Registered in 0.001631 seconds.
Begin MonoManager ReloadAssembly
Native extension for OSXStandalone target not found
Native extension for WebGL target not found
Refreshing native plugins compatible for Editor in 0.22 ms, found 1 plugins.
Preloading 0 native plugins for Editor in 0.00 ms.
Mono: successfully reloaded assembly
- Completed reload, in  1.578 seconds
Platform modules already initialized, skipping
========================================================================
Worker process is ready to serve import requests
Launching external process: /Applications/Unity/Hub/Editor/2020.3.7f1/Unity.app/Contents/Tools/UnityShaderCompiler
Launched and connected shader compiler UnityShaderCompiler after 0.03 seconds
Refreshing native plugins compatible for Editor in 0.21 ms, found 1 plugins.
Preloading 0 native plugins for Editor in 0.00 ms.
Unloading 1206 Unused Serialized files (Serialized files now loaded: 0)
System memory in use before: 73.2 MB.
System memory in use after: 73.3 MB.

Unloading 9 unused Assets to reduce memory usage. Loaded Objects now: 1650.
Total: 1.250416 ms (FindLiveObjects: 0.135875 ms CreateObjectMapping: 0.025334 ms MarkObjects: 1.019500 ms  DeleteObjects: 0.068959 ms)

========================================================================
Received Import Request.
  path: Assets/Prefabs/Wave.prefab
  artifactKey: Guid(d79a25f97d35d4da587bcf5607a83281) Importer(815301076,1909f56bfc062723c751e8b465ee728b)
Start importing Assets/Prefabs/Wave.prefab using Guid(d79a25f97d35d4da587bcf5607a83281) Importer(815301076,1909f56bfc062723c751e8b465ee728b)  -> (artifact id: '05fe11f9bcf06f196c8db15dec737e1c') in 0.613174 seconds
  Import took 0.615990 seconds .

========================================================================
Received Prepare
Registering precompiled user dll's ...
Registered in 0.000745 seconds.
Begin MonoManager ReloadAssembly
Native extension for OSXStandalone target not found
Native extension for WebGL target not found
Refreshing native plugins compatible for Editor in 0.21 ms, found 1 plugins.
Preloading 0 native plugins for Editor in 0.00 ms.
Mono: successfully reloaded assembly
- Completed reload, in  1.484 seconds
Platform modules already initialized, skipping
Refreshing native plugins compatible for Editor in 0.15 ms, found 1 plugins.
Preloading 0 native plugins for Editor in 0.00 ms.
Unloading 1187 Unused Serialized files (Serialized files now loaded: 0)
System memory in use before: 153.8 MB.
System memory in use after: 153.9 MB.

Unloading 4 unused Assets to reduce memory usage. Loaded Objects now: 1660.
Total: 1.120250 ms (FindLiveObjects: 0.092208 ms CreateObjectMapping: 0.025833 ms MarkObjects: 0.988000 ms  DeleteObjects: 0.013208 ms)

========================================================================
Received Prepare
Registering precompiled user dll's ...
Registered in 0.000768 seconds.
Begin MonoManager ReloadAssembly
Native extension for OSXStandalone target not found
Native extension for WebGL target not found
Refreshing native plugins compatible for Editor in 0.21 ms, found 1 plugins.
Preloading 0 native plugins for Editor in 0.00 ms.
Mono: successfully reloaded assembly
- Completed reload, in  1.460 seconds
Platform modules already initialized, skipping
Refreshing native plugins compatible for Editor in 0.15 ms, found 1 plugins.
Preloading 0 native plugins for Editor in 0.00 ms.
Unloading 1187 Unused Serialized files (Serialized files now loaded: 0)
System memory in use before: 155.4 MB.
System memory in use after: 155.5 MB.

Unloading 4 unused Assets to reduce memory usage. Loaded Objects now: 1663.
Total: 1.232792 ms (FindLiveObjects: 0.094416 ms CreateObjectMapping: 0.026375 ms MarkObjects: 1.097417 ms  DeleteObjects: 0.013583 ms)

========================================================================
Received Import Request.
  Time since last request: 701.003535 seconds.
  path: Assets/Prefabs/Explosion.prefab
  artifactKey: Guid(20c3c22f9b34b4f959fa3fa43bef1ae2) Importer(815301076,1909f56bfc062723c751e8b465ee728b)
Start importing Assets/Prefabs/Explosion.prefab using Guid(20c3c22f9b34b4f959fa3fa43bef1ae2) Importer(815301076,1909f56bfc062723c751e8b465ee728b)  -> (artifact id: '5184eb19abfdf37cec6769f64859c9e5') in 0.165551 seconds
  Import took 0.167520 seconds .

========================================================================
Received Import Request.
  Time since last request: 3.427619 seconds.
  path: Assets/Prefabs/Explosion.prefab
  artifactKey: Guid(20c3c22f9b34b4f959fa3fa43bef1ae2) Importer(815301076,1909f56bfc062723c751e8b465ee728b)
Start importing Assets/Prefabs/Explosion.prefab using Guid(20c3c22f9b34b4f959fa3fa43bef1ae2) Importer(815301076,1909f56bfc062723c751e8b465ee728b)  -> (artifact id: 'cea6595aefc554b5cddece87f846ccbc') in 0.018095 seconds
  Import took 0.020694 seconds .

========================================================================
Received Import Request.
  Time since last request: 7.217386 seconds.
  path: Assets/Prefabs/Explosion.prefab
  artifactKey: Guid(20c3c22f9b34b4f959fa3fa43bef1ae2) Importer(815301076,1909f56bfc062723c751e8b465ee728b)
Start importing Assets/Prefabs/Explosion.prefab using Guid(20c3c22f9b34b4f959fa3fa43bef1ae2) Importer(815301076,1909f56bfc062723c751e8b465ee728b)  -> (artifact id: '4bcf3b47611b4638dcd50fce565e11c4') in 0.007776 seconds
  Import took 0.009704 seconds .

========================================================================
Received Prepare
Registering precompiled user dll's ...
Registered in 0.000769 seconds.
Begin MonoManager ReloadAssembly
Native extension for OSXStandalone target not found
Native extension for WebGL target not found
Refreshing native plugins compatible for Editor in 0.20 ms, found 1 plugins.
Preloading 0 native plugins for Editor in 0.00 ms.
Mono: successfully reloaded assembly
- Completed reload, in  1.446 seconds
Platform modules already initialized, skipping
Refreshing native plugins compatible for Editor in 0.16 ms, found 1 plugins.
Preloading 0 native plugins for Editor in 0.00 ms.
Unloading 1187 Unused Serialized files (Serialized files now loaded: 0)
System memory in use before: 157.3 MB.
System memory in use after: 157.4 MB.

Unloading 4 unused Assets to reduce memory usage. Loaded Objects now: 1667.
Total: 1.114917 ms (FindLiveObjects: 0.078958 ms CreateObjectMapping: 0.026125 ms MarkObjects: 0.994041 ms  DeleteObjects: 0.015000 ms)

========================================================================
Received Prepare
Registering precompiled user dll's ...
Registered in 0.000314 seconds.
Begin MonoManager ReloadAssembly
Native extension for OSXStandalone target not found
Native extension for WebGL target not found
Refreshing native plugins compatible for Editor in 0.21 ms, found 1 plugins.
Preloading 0 native plugins for Editor in 0.00 ms.
Mono: successfully reloaded assembly
- Completed reload, in  1.442 seconds
Platform modules already initialized, skipping
Refreshing native plugins compatible for Editor in 0.13 ms, found 1 plugins.
Preloading 0 native plugins for Editor in 0.00 ms.
Unloading 1187 Unused Serialized files (Serialized files now loaded: 0)
System memory in use before: 158.9 MB.
System memory in use after: 159.0 MB.

Unloading 4 unused Assets to reduce memory usage. Loaded Objects now: 1670.
Total: 1.099291 ms (FindLiveObjects: 0.089167 ms CreateObjectMapping: 0.026208 ms MarkObjects: 0.972041 ms  DeleteObjects: 0.010875 ms)

========================================================================
Received Prepare
Registering precompiled user dll's ...
Registered in 0.000322 seconds.
Begin MonoManager ReloadAssembly
Native extension for OSXStandalone target not found
Native extension for WebGL target not found
Refreshing native plugins compatible for Editor in 0.20 ms, found 1 plugins.
Preloading 0 native plugins for Editor in 0.00 ms.
Mono: successfully reloaded assembly
- Completed reload, in  1.457 seconds
Platform modules already initialized, skipping
Refreshing native plugins compatible for Editor in 0.14 ms, found 1 plugins.
Preloading 0 native plugins for Editor in 0.00 ms.
Unloading 1187 Unused Serialized files (Serialized files now loaded: 0)
System memory in use before: 160.5 MB.
System memory in use after: 160.6 MB.

Unloading 4 unused Assets to reduce memory usage. Loaded Objects now: 1673.
Total: 1.092709 ms (FindLiveObjects: 0.085333 ms CreateObjectMapping: 0.026166 ms MarkObjects: 0.970083 ms  DeleteObjects: 0.010459 ms)

========================================================================
Received Import Request.
  Time since last request: 354.201524 seconds.
  path: Assets/Prefabs/Explosion.prefab
  artifactKey: Guid(20c3c22f9b34b4f959fa3fa43bef1ae2) Importer(815301076,1909f56bfc062723c751e8b465ee728b)
Start importing Assets/Prefabs/Explosion.prefab using Guid(20c3c22f9b34b4f959fa3fa43bef1ae2) Importer(815301076,1909f56bfc062723c751e8b465ee728b)  -> (artifact id: '3a440c7f98eaedae3a707b775c5bb8aa') in 0.155576 seconds
  Import took 0.157501 seconds .

========================================================================
Received Import Request.
  Time since last request: 0.096072 seconds.
  path: Assets/Prefabs/Explosion.prefab
  artifactKey: Guid(20c3c22f9b34b4f959fa3fa43bef1ae2) Importer(815301076,1909f56bfc062723c751e8b465ee728b)
Start importing Assets/Prefabs/Explosion.prefab using Guid(20c3c22f9b34b4f959fa3fa43bef1ae2) Importer(815301076,1909f56bfc062723c751e8b465ee728b)  -> (artifact id: '3a440c7f98eaedae3a707b775c5bb8aa') in 0.011385 seconds
  Import took 0.013247 seconds .

========================================================================
Received Prepare
Registering precompiled user dll's ...
Registered in 0.000365 seconds.
Begin MonoManager ReloadAssembly
Native extension for OSXStandalone target not found
Native extension for WebGL target not found
Refreshing native plugins compatible for Editor in 0.20 ms, found 1 plugins.
Preloading 0 native plugins for Editor in 0.00 ms.
Mono: successfully reloaded assembly
- Completed reload, in  1.415 seconds
Platform modules already initialized, skipping
Refreshing native plugins compatible for Editor in 0.14 ms, found 1 plugins.
Preloading 0 native plugins for Editor in 0.00 ms.
Unloading 1187 Unused Serialized files (Serialized files now loaded: 0)
System memory in use before: 162.3 MB.
System memory in use after: 162.4 MB.

Unloading 4 unused Assets to reduce memory usage. Loaded Objects now: 1677.
Total: 1.091667 ms (FindLiveObjects: 0.080042 ms CreateObjectMapping: 0.026375 ms MarkObjects: 0.973875 ms  DeleteObjects: 0.010583 ms)

========================================================================
Received Prepare
Registering precompiled user dll's ...
Registered in 0.000261 seconds.
Begin MonoManager ReloadAssembly
Native extension for OSXStandalone target not found
Native extension for WebGL target not found
Refreshing native plugins compatible for Editor in 0.23 ms, found 1 plugins.
Preloading 0 native plugins for Editor in 0.00 ms.
Mono: successfully reloaded assembly
- Completed reload, in  1.762 seconds
Platform modules already initialized, skipping
Refreshing native plugins compatible for Editor in 0.26 ms, found 1 plugins.
Preloading 0 native plugins for Editor in 0.00 ms.
Unloading 1187 Unused Serialized files (Serialized files now loaded: 0)
System memory in use before: 164.0 MB.
System memory in use after: 164.1 MB.

Unloading 4 unused Assets to reduce memory usage. Loaded Objects now: 1680.
Total: 1.325125 ms (FindLiveObjects: 0.134583 ms CreateObjectMapping: 0.028125 ms MarkObjects: 1.147625 ms  DeleteObjects: 0.013875 ms)

========================================================================
Received Import Request.
  Time since last request: 59.497536 seconds.
  path: Assets/Prefabs/Explosion.prefab
  artifactKey: Guid(20c3c22f9b34b4f959fa3fa43bef1ae2) Importer(815301076,1909f56bfc062723c751e8b465ee728b)
Start importing Assets/Prefabs/Explosion.prefab using Guid(20c3c22f9b34b4f959fa3fa43bef1ae2) Importer(815301076,1909f56bfc062723c751e8b465ee728b)  -> (artifact id: '2e92d8d5ce3cb395a12a1038c6d79a56') in 0.174792 seconds
  Import took 0.177105 seconds .

========================================================================
Received Prepare
Registering precompiled user dll's ...
Registered in 0.000299 seconds.
Begin MonoManager ReloadAssembly
Native extension for OSXStandalone target not found
Native extension for WebGL target not found
Refreshing native plugins compatible for Editor in 0.23 ms, found 1 plugins.
Preloading 0 native plugins for Editor in 0.00 ms.
Mono: successfully reloaded assembly
- Completed reload, in  1.723 seconds
Platform modules already initialized, skipping
Refreshing native plugins compatible for Editor in 0.15 ms, found 1 plugins.
Preloading 0 native plugins for Editor in 0.00 ms.
Unloading 1187 Unused Serialized files (Serialized files now loaded: 0)
System memory in use before: 165.8 MB.
System memory in use after: 165.9 MB.

Unloading 4 unused Assets to reduce memory usage. Loaded Objects now: 1684.
Total: 1.100000 ms (FindLiveObjects: 0.104792 ms CreateObjectMapping: 0.025000 ms MarkObjects: 0.956250 ms  DeleteObjects: 0.013208 ms)

========================================================================
Received Prepare
Registering precompiled user dll's ...
Registered in 0.000354 seconds.
Begin MonoManager ReloadAssembly
Native extension for OSXStandalone target not found
Native extension for WebGL target not found
Refreshing native plugins compatible for Editor in 0.20 ms, found 1 plugins.
Preloading 0 native plugins for Editor in 0.00 ms.
Mono: successfully reloaded assembly
- Completed reload, in  1.493 seconds
Platform modules already initialized, skipping
Refreshing native plugins compatible for Editor in 0.15 ms, found 1 plugins.
Preloading 0 native plugins for Editor in 0.00 ms.
Unloading 1187 Unused Serialized files (Serialized files now loaded: 0)
System memory in use before: 167.4 MB.
System memory in use after: 167.5 MB.

Unloading 4 unused Assets to reduce memory usage. Loaded Objects now: 1687.
Total: 1.188000 ms (FindLiveObjects: 0.149709 ms CreateObjectMapping: 0.024833 ms MarkObjects: 1.000375 ms  DeleteObjects: 0.012000 ms)

========================================================================
Received Prepare
Registering precompiled user dll's ...
Registered in 0.000282 seconds.
Begin MonoManager ReloadAssembly
Native extension for OSXStandalone target not found
Native extension for WebGL target not found
Refreshing native plugins compatible for Editor in 0.21 ms, found 1 plugins.
Preloading 0 native plugins for Editor in 0.00 ms.
Mono: successfully reloaded assembly
- Completed reload, in  1.497 seconds
Platform modules already initialized, skipping
Refreshing native plugins compatible for Editor in 0.18 ms, found 1 plugins.
Preloading 0 native plugins for Editor in 0.00 ms.
Unloading 1187 Unused Serialized files (Serialized files now loaded: 0)
System memory in use before: 169.0 MB.
System memory in use after: 169.1 MB.

Unloading 4 unused Assets to reduce memory usage. Loaded Objects now: 1690.
Total: 1.098625 ms (FindLiveObjects: 0.109709 ms CreateObjectMapping: 0.025166 ms MarkObjects: 0.950917 ms  DeleteObjects: 0.011833 ms)

========================================================================
Received Prepare
Registering precompiled user dll's ...
Registered in 0.000312 seconds.
Begin MonoManager ReloadAssembly
Native extension for OSXStandalone target not found
Native extension for WebGL target not found
Refreshing native plugins compatible for Editor in 0.21 ms, found 1 plugins.
Preloading 0 native plugins for Editor in 0.00 ms.
Mono: successfully reloaded assembly
- Completed reload, in  1.501 seconds
Platform modules already initialized, skipping
Refreshing native plugins compatible for Editor in 0.20 ms, found 1 plugins.
Preloading 0 native plugins for Editor in 0.00 ms.
Unloading 1187 Unused Serialized files (Serialized files now loaded: 0)
System memory in use before: 170.7 MB.
System memory in use after: 170.8 MB.

Unloading 4 unused Assets to reduce memory usage. Loaded Objects now: 1693.
Total: 1.080000 ms (FindLiveObjects: 0.105541 ms CreateObjectMapping: 0.024959 ms MarkObjects: 0.935875 ms  DeleteObjects: 0.012875 ms)

========================================================================
Received Prepare
Registering precompiled user dll's ...
Registered in 0.000352 seconds.
Begin MonoManager ReloadAssembly
Native extension for OSXStandalone target not found
Native extension for WebGL target not found
Refreshing native plugins compatible for Editor in 0.21 ms, found 1 plugins.
Preloading 0 native plugins for Editor in 0.00 ms.
Mono: successfully reloaded assembly
- Completed reload, in  1.489 seconds
Platform modules already initialized, skipping
Refreshing native plugins compatible for Editor in 0.18 ms, found 1 plugins.
Preloading 0 native plugins for Editor in 0.00 ms.
Unloading 1187 Unused Serialized files (Serialized files now loaded: 0)
System memory in use before: 172.3 MB.
System memory in use after: 172.4 MB.

Unloading 4 unused Assets to reduce memory usage. Loaded Objects now: 1696.
Total: 1.120167 ms (FindLiveObjects: 0.108875 ms CreateObjectMapping: 0.025917 ms MarkObjects: 0.972458 ms  DeleteObjects: 0.012083 ms)

========================================================================
Received Prepare
Registering precompiled user dll's ...
Registered in 0.001248 seconds.
Begin MonoManager ReloadAssembly
Native extension for OSXStandalone target not found
Native extension for WebGL target not found
Refreshing native plugins compatible for Editor in 0.23 ms, found 1 plugins.
Preloading 0 native plugins for Editor in 0.00 ms.
Mono: successfully reloaded assembly
- Completed reload, in  1.447 seconds
Platform modules already initialized, skipping
Refreshing native plugins compatible for Editor in 0.16 ms, found 1 plugins.
Preloading 0 native plugins for Editor in 0.00 ms.
Unloading 1187 Unused Serialized files (Serialized files now loaded: 0)
System memory in use before: 173.9 MB.
System memory in use after: 174.0 MB.

Unloading 4 unused Assets to reduce memory usage. Loaded Objects now: 1699.
Total: 1.141916 ms (FindLiveObjects: 0.092834 ms CreateObjectMapping: 0.026708 ms MarkObjects: 1.007458 ms  DeleteObjects: 0.014042 ms)

========================================================================
Received Import Request.
  Time since last request: 857.182433 seconds.
  path: Assets/Prefabs/Explosion.prefab
  artifactKey: Guid(20c3c22f9b34b4f959fa3fa43bef1ae2) Importer(815301076,1909f56bfc062723c751e8b465ee728b)
Start importing Assets/Prefabs/Explosion.prefab using Guid(20c3c22f9b34b4f959fa3fa43bef1ae2) Importer(815301076,1909f56bfc062723c751e8b465ee728b)  -> (artifact id: 'b2b88587e6224d9990f4176385633375') in 0.147833 seconds
  Import took 0.149744 seconds .

========================================================================
Received Prepare
Registering precompiled user dll's ...
Registered in 0.000847 seconds.
Begin MonoManager ReloadAssembly
Native extension for OSXStandalone target not found
Native extension for WebGL target not found
Refreshing native plugins compatible for Editor in 0.20 ms, found 1 plugins.
Preloading 0 native plugins for Editor in 0.00 ms.
Mono: successfully reloaded assembly
- Completed reload, in  1.452 seconds
Platform modules already initialized, skipping
Refreshing native plugins compatible for Editor in 0.18 ms, found 1 plugins.
Preloading 0 native plugins for Editor in 0.00 ms.
Unloading 1187 Unused Serialized files (Serialized files now loaded: 0)
System memory in use before: 175.7 MB.
System memory in use after: 175.8 MB.

Unloading 4 unused Assets to reduce memory usage. Loaded Objects now: 1703.
Total: 1.114708 ms (FindLiveObjects: 0.093250 ms CreateObjectMapping: 0.026834 ms MarkObjects: 0.981208 ms  DeleteObjects: 0.012416 ms)

========================================================================
Received Import Request.
  Time since last request: 167.013913 seconds.
  path: Assets/Animations/Player/Invincible.anim
  artifactKey: Guid(35d68c91d960c4e9d8c9062962909a50) Importer(815301076,1909f56bfc062723c751e8b465ee728b)
Start importing Assets/Animations/Player/Invincible.anim using Guid(35d68c91d960c4e9d8c9062962909a50) Importer(815301076,1909f56bfc062723c751e8b465ee728b)  -> (artifact id: '635f386447c3faf2b0bdd1e292b348a2') in 0.070869 seconds
  Import took 0.072814 seconds .

========================================================================
Received Import Request.
  Time since last request: 0.001374 seconds.
  path: Assets/Animations/Player/Invincible.anim
  artifactKey: Guid(35d68c91d960c4e9d8c9062962909a50) Importer(815301076,1909f56bfc062723c751e8b465ee728b)
Start importing Assets/Animations/Player/Invincible.anim using Guid(35d68c91d960c4e9d8c9062962909a50) Importer(815301076,1909f56bfc062723c751e8b465ee728b)  -> (artifact id: '635f386447c3faf2b0bdd1e292b348a2') in 0.002075 seconds
  Import took 0.003736 seconds .

========================================================================
Received Import Request.
  Time since last request: 40.721926 seconds.
  path: Assets/Prefabs/Enemy.prefab
  artifactKey: Guid(847287182e9d74e7ea3df4b6f8a5a3ce) Importer(815301076,1909f56bfc062723c751e8b465ee728b)
Start importing Assets/Prefabs/Enemy.prefab using Guid(847287182e9d74e7ea3df4b6f8a5a3ce) Importer(815301076,1909f56bfc062723c751e8b465ee728b)  -> (artifact id: 'fd9048abcdd7be365a0949975ffdc810') in 0.148785 seconds
  Import took 0.151990 seconds .

========================================================================
Received Import Request.
  Time since last request: 7.069576 seconds.
  path: Assets/Prefabs/Wave2.prefab
  artifactKey: Guid(a6f97e78ccf5c44c68757efc1637ab73) Importer(815301076,1909f56bfc062723c751e8b465ee728b)
Start importing Assets/Prefabs/Wave2.prefab using Guid(a6f97e78ccf5c44c68757efc1637ab73) Importer(815301076,1909f56bfc062723c751e8b465ee728b)  -> (artifact id: 'a2547fc927fb6c23c807d1cf1fe039ad') in 0.018633 seconds
  Import took 0.020876 seconds .

========================================================================
Received Import Request.
  Time since last request: 0.001138 seconds.
  path: Assets/Prefabs/Wave2.prefab
  artifactKey: Guid(a6f97e78ccf5c44c68757efc1637ab73) Importer(815301076,1909f56bfc062723c751e8b465ee728b)
Start importing Assets/Prefabs/Wave2.prefab using Guid(a6f97e78ccf5c44c68757efc1637ab73) Importer(815301076,1909f56bfc062723c751e8b465ee728b)  -> (artifact id: 'a2547fc927fb6c23c807d1cf1fe039ad') in 0.010197 seconds
  Import took 0.012364 seconds .

========================================================================
Received Import Request.
  Time since last request: 11.877161 seconds.
  path: Assets/Animations/Enemy/Damage.anim
  artifactKey: Guid(b75c50eb4b19e4b09bfd3bade679bf83) Importer(815301076,1909f56bfc062723c751e8b465ee728b)
Start importing Assets/Animations/Enemy/Damage.anim using Guid(b75c50eb4b19e4b09bfd3bade679bf83) Importer(815301076,1909f56bfc062723c751e8b465ee728b)  -> (artifact id: 'cefcb72fb6cf50095b6c8d5f10633336') in 0.002135 seconds
  Import took 0.004071 seconds .

========================================================================
Received Import Request.
  Time since last request: 0.000578 seconds.
  path: Assets/Animations/Enemy/Damage.anim
  artifactKey: Guid(b75c50eb4b19e4b09bfd3bade679bf83) Importer(815301076,1909f56bfc062723c751e8b465ee728b)
Start importing Assets/Animations/Enemy/Damage.anim using Guid(b75c50eb4b19e4b09bfd3bade679bf83) Importer(815301076,1909f56bfc062723c751e8b465ee728b)  -> (artifact id: 'cefcb72fb6cf50095b6c8d5f10633336') in 0.001418 seconds
  Import took 0.003130 seconds .

========================================================================
Received Import Request.
  Time since last request: 5.118352 seconds.
  path: Assets/Animations/Enemy/Enemy.controller
  artifactKey: Guid(54586404a52cf4255946c0236b1721f7) Importer(815301076,1909f56bfc062723c751e8b465ee728b)
Start importing Assets/Animations/Enemy/Enemy.controller using Guid(54586404a52cf4255946c0236b1721f7) Importer(815301076,1909f56bfc062723c751e8b465ee728b)  -> (artifact id: 'c2567eeff741689396db8be3c21ac908') in 0.063983 seconds
  Import took 0.066528 seconds .

========================================================================
Received Prepare
Registering precompiled user dll's ...
Registered in 0.000806 seconds.
Begin MonoManager ReloadAssembly
Native extension for OSXStandalone target not found
Native extension for WebGL target not found
Refreshing native plugins compatible for Editor in 0.21 ms, found 1 plugins.
Preloading 0 native plugins for Editor in 0.00 ms.
Mono: successfully reloaded assembly
- Completed reload, in  1.467 seconds
Platform modules already initialized, skipping
Refreshing native plugins compatible for Editor in 0.14 ms, found 1 plugins.
Preloading 0 native plugins for Editor in 0.00 ms.
Unloading 1187 Unused Serialized files (Serialized files now loaded: 0)
System memory in use before: 335.6 MB.
System memory in use after: 335.7 MB.

Unloading 4 unused Assets to reduce memory usage. Loaded Objects now: 1707.
Total: 1.109167 ms (FindLiveObjects: 0.086875 ms CreateObjectMapping: 0.026583 ms MarkObjects: 0.981584 ms  DeleteObjects: 0.013292 ms)

========================================================================
Received Prepare
Registering precompiled user dll's ...
Registered in 0.000325 seconds.
Begin MonoManager ReloadAssembly
Native extension for OSXStandalone target not found
Native extension for WebGL target not found
Refreshing native plugins compatible for Editor in 0.21 ms, found 1 plugins.
Preloading 0 native plugins for Editor in 0.00 ms.
Mono: successfully reloaded assembly
- Completed reload, in  1.494 seconds
Platform modules already initialized, skipping
Refreshing native plugins compatible for Editor in 0.19 ms, found 1 plugins.
Preloading 0 native plugins for Editor in 0.00 ms.
Unloading 1187 Unused Serialized files (Serialized files now loaded: 0)
System memory in use before: 337.2 MB.
System memory in use after: 337.3 MB.

Unloading 4 unused Assets to reduce memory usage. Loaded Objects now: 1710.
Total: 1.125958 ms (FindLiveObjects: 0.131542 ms CreateObjectMapping: 0.024375 ms MarkObjects: 0.952042 ms  DeleteObjects: 0.016708 ms)

========================================================================
Received Prepare
Registering precompiled user dll's ...
Registered in 0.000342 seconds.
Begin MonoManager ReloadAssembly
Native extension for OSXStandalone target not found
Native extension for WebGL target not found
Refreshing native plugins compatible for Editor in 0.21 ms, found 1 plugins.
Preloading 0 native plugins for Editor in 0.00 ms.
Mono: successfully reloaded assembly
- Completed reload, in  1.471 seconds
Platform modules already initialized, skipping
Refreshing native plugins compatible for Editor in 0.12 ms, found 1 plugins.
Preloading 0 native plugins for Editor in 0.00 ms.
Unloading 1187 Unused Serialized files (Serialized files now loaded: 0)
System memory in use before: 338.9 MB.
System memory in use after: 339.0 MB.

Unloading 4 unused Assets to reduce memory usage. Loaded Objects now: 1713.
Total: 1.118000 ms (FindLiveObjects: 0.096000 ms CreateObjectMapping: 0.026791 ms MarkObjects: 0.981458 ms  DeleteObjects: 0.012833 ms)

